Start Checking Grammar
Finish Checking Grammar
Start Checking Grammar
Start Checking Grammar
Start Checking Grammar
Start Checking Grammar
Start Checking Grammar
Start Checking Grammar
Start Checking Grammar
Finish Checking Grammar
Start Checking Grammar
Start Checking Grammar
Start Checking Grammar
Start Checking Grammar
Finish Checking Grammar
Start Checking Grammar
Finish Checking Grammar
Start Checking Grammar
Finish Checking Grammar
Start Checking Grammar
Finish Checking Grammar
Start Checking Grammar
Finish Checking Grammar
Start Checking Grammar
Finish Checking Grammar
Start Checking Grammar
Finish Checking Grammar
Start Checking Grammar
Finish Checking Grammar
Start Checking Grammar
Finish Checking Grammar
Start Checking Grammar
Finish Checking Grammar
Start Checking Grammar
Finish Checking Grammar
Start Checking Grammar
Finish Checking Grammar
Start Checking Grammar
Finish Checking Grammar
Start Checking Grammar
Finish Checking Grammar
Start Checking Grammar
Finish Checking Grammar
Start Checking Grammar
Finish Checking Grammar
Start Checking Grammar
Finish Checking Grammar
Start Checking Grammar
Finish Checking Grammar
Start Checking Grammar
Finish Checking Grammar
Start Checking Grammar
Finish Checking Grammar
Start Checking Grammar
Finish Checking Grammar
Start Checking Grammar
Finish Checking Grammar
Start Checking Grammar
Finish Checking Grammar
Start Checking Grammar
Finish Checking Grammar
Start Checking Grammar
Finish Checking Grammar
Start Checking Grammar
Finish Checking Grammar
Start Checking Grammar
Finish Checking Grammar
Start Checking Grammar
Finish Checking Grammar
Start Checking Grammar
Finish Checking Grammar
Start Checking Grammar
Finish Checking Grammar
Start Checking Grammar
Finish Checking Grammar
Start Checking Grammar
Finish Checking Grammar
Start Checking Grammar
Finish Checking Grammar
Start Checking Grammar
Finish Checking Grammar
Start Checking Grammar
Finish Checking Grammar
Start Checking Grammar
Finish Checking Grammar
Start Checking Grammar
Finish Checking Grammar
Start Checking Grammar
Start Checking Grammar
Start Checking Grammar
Start Checking Grammar
Start Checking Grammar
Start Checking Grammar
Start Checking Grammar
Start Checking Grammar
Finish Checking Grammar
Start Checking Grammar
Finish Checking Grammar
Start Checking Grammar
Start Checking Grammar
Start Checking Grammar
Start Checking Grammar
Start Checking Grammar
Start Checking Grammar
Start Checking Grammar
Start Checking Grammar
Start Checking Grammar
Start Checking Grammar
Start Checking Grammar
Finish Checking Grammar
Start Checking Grammar
Finish Checking Grammar
Start Checking Grammar
Finish Checking Grammar
Start Checking Grammar
Finish Checking Grammar
Start Checking Grammar
Finish Checking Grammar
Start Checking Grammar
Finish Checking Grammar
Start Checking Grammar
Finish Checking Grammar
Start Checking Grammar
Finish Checking Grammar
Start Checking Grammar
Start Checking Grammar
Start Checking Grammar
Start Checking Grammar
Start Checking Grammar
Start Checking Grammar
Start Checking Grammar
Start Checking Grammar
Finish Checking Grammar
Start Checking Grammar
Finish Checking Grammar
Start Checking Grammar
Finish Checking Grammar
Start Checking Grammar
Finish Checking Grammar
Start Checking Grammar
Start Checking Grammar
Start Checking Grammar
Start Checking Grammar
Start Checking Grammar
Start Checking Grammar
Start Checking Grammar
Start Checking Grammar
Start Checking Grammar
Start Checking Grammar
Finish Checking Grammar
Start Checking Grammar
Finish Checking Grammar
Start Checking Grammar
Finish Checking Grammar
Start Checking Grammar
Finish Checking Grammar
Start Checking Grammar
Finish Checking Grammar
Start Checking Grammar
Start Checking Grammar
Finish Checking Grammar
Start Checking Grammar
Finish Checking Grammar
Start Checking Grammar
Finish Checking Grammar
Start Checking Grammar
Finish Checking Grammar
Start Checking Grammar
Start Checking Grammar
Finish Checking Grammar
Start Checking Grammar
Start Checking Grammar
Start Checking Grammar
Finish Checking Grammar
Start Checking Grammar
Start Checking Grammar
Finish Checking Grammar
Start Checking Grammar
Start Checking Grammar
Finish Checking Grammar
Start Checking Grammar
Finish Checking Grammar
Start Checking Grammar
Start Checking Grammar
Finish Checking Grammar
Start Checking Grammar
Finish Checking Grammar
Start Checking Grammar
Start Checking Grammar
Finish Checking Grammar
Start Checking Grammar
Finish Checking Grammar
Start Checking Grammar
Finish Checking Grammar
Start Checking Grammar
Finish Checking Grammar
Start Checking Grammar
Finish Checking Grammar
Start Checking Grammar
Finish Checking Grammar
Start Checking Grammar
Finish Checking Grammar
Start Checking Grammar
Finish Checking Grammar
Start Checking Grammar
Finish Checking Grammar
Start Checking Grammar
Finish Checking Grammar
Start Checking Grammar
Start Checking Grammar
Finish Checking Grammar
Start Checking Grammar
Finish Checking Grammar
Start Checking Grammar
Finish Checking Grammar
Start Checking Grammar
Finish Checking Grammar
Start Checking Grammar
Finish Checking Grammar
Start Checking Grammar
Finish Checking Grammar
Start Checking Grammar
Finish Checking Grammar
Start Checking Grammar
Start Checking Grammar
Start Checking Grammar
Start Checking Grammar
Finish Checking Grammar
Start Checking Grammar
Start Checking Grammar
Finish Checking Grammar
Start Checking Grammar
Finish Checking Grammar
Export to JSON
Export to JSON
Export to JSON
Export to JSON
Finish Exporting
Start Export to Excel
Finish Exporting to save/export/Evaluation_FiringTime_EOL_2_Oct23_corrections.xlsx
Start Export to Excel
Export failed: [Errno 13] Permission denied: 'save/export/Evaluation_FiringTime_EOL_2_Oct23_corrections.xlsx'
Traceback (most recent call last):
  File "C:\APAC\all_projects\grammar_checker_browser_v2\Grammar-Checker\app.py", line 331, in export_correction
    df.to_excel(output_path, index=False)
  File "C:\Users\RGA6HC\.conda\envs\grammar_checker_publish\lib\site-packages\pandas\util\_decorators.py", line 333, in wrapper
    return func(*args, **kwargs)
  File "C:\Users\RGA6HC\.conda\envs\grammar_checker_publish\lib\site-packages\pandas\core\generic.py", line 2439, in to_excel
    formatter.write(
  File "C:\Users\RGA6HC\.conda\envs\grammar_checker_publish\lib\site-packages\pandas\io\formats\excel.py", line 943, in write
    writer = ExcelWriter(
  File "C:\Users\RGA6HC\.conda\envs\grammar_checker_publish\lib\site-packages\pandas\io\excel\_openpyxl.py", line 61, in __init__
    super().__init__(
  File "C:\Users\RGA6HC\.conda\envs\grammar_checker_publish\lib\site-packages\pandas\io\excel\_base.py", line 1246, in __init__
    self._handles = get_handle(
  File "C:\Users\RGA6HC\.conda\envs\grammar_checker_publish\lib\site-packages\pandas\io\common.py", line 882, in get_handle
    handle = open(handle, ioargs.mode)
PermissionError: [Errno 13] Permission denied: 'save/export/Evaluation_FiringTime_EOL_2_Oct23_corrections.xlsx'
Start Export to Excel
Export failed: [Errno 13] Permission denied: 'save/export/Evaluation_FiringTime_EOL_2_Oct23_corrections.xlsx'
Traceback (most recent call last):
  File "C:\APAC\all_projects\grammar_checker_browser_v2\Grammar-Checker\app.py", line 331, in export_correction
    df.to_excel(output_path, index=False)
  File "C:\Users\RGA6HC\.conda\envs\grammar_checker_publish\lib\site-packages\pandas\util\_decorators.py", line 333, in wrapper
    return func(*args, **kwargs)
  File "C:\Users\RGA6HC\.conda\envs\grammar_checker_publish\lib\site-packages\pandas\core\generic.py", line 2439, in to_excel
    formatter.write(
  File "C:\Users\RGA6HC\.conda\envs\grammar_checker_publish\lib\site-packages\pandas\io\formats\excel.py", line 943, in write
    writer = ExcelWriter(
  File "C:\Users\RGA6HC\.conda\envs\grammar_checker_publish\lib\site-packages\pandas\io\excel\_openpyxl.py", line 61, in __init__
    super().__init__(
  File "C:\Users\RGA6HC\.conda\envs\grammar_checker_publish\lib\site-packages\pandas\io\excel\_base.py", line 1246, in __init__
    self._handles = get_handle(
  File "C:\Users\RGA6HC\.conda\envs\grammar_checker_publish\lib\site-packages\pandas\io\common.py", line 882, in get_handle
    handle = open(handle, ioargs.mode)
PermissionError: [Errno 13] Permission denied: 'save/export/Evaluation_FiringTime_EOL_2_Oct23_corrections.xlsx'
Start Export to Excel
Finish Exporting to save/export/Evaluation_FiringTime_EOL_2_Oct23_corrections.xlsx
Start Checking Grammar
Finish Checking Grammar
Start Checking Grammar
Finish Checking Grammar
Start Export to Excel
Finish Exporting to save/export/Evaluation_FiringTime_EOL_2_Oct23_corrections.xlsx
Start Checking Grammar
Finish Checking Grammar
Start Export to Excel
Finish Exporting to save/export/Evaluation_FiringTime_EOL_2_Oct23_corrections.xlsx
Start Export to Excel
Finish Exporting to save/export/Evaluation_FiringTime_EOL_2_Oct23_corrections.xlsx
Start Checking Grammar
Start Checking Grammar
Start Checking Grammar
Start Checking Grammar
Finish Checking Grammar
Start Export to Excel
Finish Exporting to save/export/Evaluation_FiringTime_EOL_2_Oct23_corrections.xlsx
Start Export to Excel
Finish Exporting to save/export/Evaluation_FiringTime_EOL_1_Oct23_corrections.xlsx
Start Export to Excel
Finish Exporting to save/export/Evaluation_FiringTime_EOL_1_Oct23_corrections.xlsx
Start Export to Excel
Finish Exporting to save/export/Evaluation_FiringTime_EOL_1_Oct23_corrections.xlsx
Start Checking Grammar
Start Checking Grammar
Finish Checking Grammar
Start Export to Excel
Finish Exporting to save/export/Evaluation_FiringTime_EOL_1_Oct23_corrections.xlsx
Start Checking Grammar
Finish Checking Grammar
Start Export to Excel
Finish Exporting to save/export/Evaluation_FiringTime_EOL_1_Oct23_corrections.xlsx
Start Checking Grammar
Start Checking Grammar
Start Checking Grammar
Finish Checking Grammar
Start Export to Excel
Export failed: [Errno 13] Permission denied: 'save/export/Evaluation_FiringTime_EOL_1_Oct23_corrections.xlsx'
Traceback (most recent call last):
  File "C:\APAC\all_projects\grammar_checker_browser_v2\Grammar-Checker\app.py", line 331, in export_correction
    df.to_excel(output_path, index=False)
  File "C:\Users\RGA6HC\.conda\envs\grammar_checker_publish\lib\site-packages\pandas\util\_decorators.py", line 333, in wrapper
    return func(*args, **kwargs)
  File "C:\Users\RGA6HC\.conda\envs\grammar_checker_publish\lib\site-packages\pandas\core\generic.py", line 2439, in to_excel
    formatter.write(
  File "C:\Users\RGA6HC\.conda\envs\grammar_checker_publish\lib\site-packages\pandas\io\formats\excel.py", line 943, in write
    writer = ExcelWriter(
  File "C:\Users\RGA6HC\.conda\envs\grammar_checker_publish\lib\site-packages\pandas\io\excel\_openpyxl.py", line 61, in __init__
    super().__init__(
  File "C:\Users\RGA6HC\.conda\envs\grammar_checker_publish\lib\site-packages\pandas\io\excel\_base.py", line 1246, in __init__
    self._handles = get_handle(
  File "C:\Users\RGA6HC\.conda\envs\grammar_checker_publish\lib\site-packages\pandas\io\common.py", line 882, in get_handle
    handle = open(handle, ioargs.mode)
PermissionError: [Errno 13] Permission denied: 'save/export/Evaluation_FiringTime_EOL_1_Oct23_corrections.xlsx'
Start Export to Excel
Finish Exporting to save/export/Evaluation_FiringTime_EOL_1_Oct23_corrections.xlsx
Start Export to Excel
Finish Exporting to save/export/Evaluation_FiringTime_EOL_12_Oct23_corrections.xlsx
Start Checking Grammar
Finish Checking Grammar
Start Export to Excel
Finish Exporting to save/export/Evaluation_FiringTime_EOL_12_Oct23_corrections.xlsx
Start Checking Grammar
Finish Checking Grammar
Start Export to Excel
Finish Exporting to save/export/Evaluation_FiringTime_EOL_12_Oct23_corrections.xlsx
Start Checking Grammar
Start Checking Grammar
Start Checking Grammar
Start Checking Grammar
Start Checking Grammar
Start Checking Grammar
Finish Checking Grammar
Start Checking Grammar
Start Checking Grammar
Finish Checking Grammar
Start Export to Excel
Export failed: [Errno 13] Permission denied: 'save/export/Evaluation_FiringTime_EOL_12_Oct23_corrections.xlsx'
Traceback (most recent call last):
  File "C:\APAC\all_projects\grammar_checker_browser_v2\Grammar-Checker\app.py", line 331, in export_correction
    df.to_excel(output_path, index=False)
  File "C:\Users\RGA6HC\.conda\envs\grammar_checker_publish\lib\site-packages\pandas\util\_decorators.py", line 333, in wrapper
    return func(*args, **kwargs)
  File "C:\Users\RGA6HC\.conda\envs\grammar_checker_publish\lib\site-packages\pandas\core\generic.py", line 2439, in to_excel
    formatter.write(
  File "C:\Users\RGA6HC\.conda\envs\grammar_checker_publish\lib\site-packages\pandas\io\formats\excel.py", line 943, in write
    writer = ExcelWriter(
  File "C:\Users\RGA6HC\.conda\envs\grammar_checker_publish\lib\site-packages\pandas\io\excel\_openpyxl.py", line 61, in __init__
    super().__init__(
  File "C:\Users\RGA6HC\.conda\envs\grammar_checker_publish\lib\site-packages\pandas\io\excel\_base.py", line 1246, in __init__
    self._handles = get_handle(
  File "C:\Users\RGA6HC\.conda\envs\grammar_checker_publish\lib\site-packages\pandas\io\common.py", line 882, in get_handle
    handle = open(handle, ioargs.mode)
PermissionError: [Errno 13] Permission denied: 'save/export/Evaluation_FiringTime_EOL_12_Oct23_corrections.xlsx'
Start Export to Excel
Finish Exporting to save/export/Evaluation_FiringTime_EOL_12_Oct23_corrections.xlsx
Start Checking Grammar
